<?xml version="1.0" encoding="UTF-8"?>
<testsuite xmlns:xsi="http://www.w3.org/2001/XMLSchema-instance" xsi:noNamespaceSchemaLocation="https://maven.apache.org/surefire/maven-surefire-plugin/xsd/surefire-test-report-3.0.xsd" version="3.0" name="com.example.mongodbtestprogram.MongoDbTestprogramApplicationTests" time="5.342" tests="1" errors="0" skipped="0" failures="0">
  <properties>
[...]
</properties>
  <testcase name="contextLoads" classname="com.example.mongodbtestprogram.MongoDbTestprogramApplicationTests" time="1.005">
    <system-out><![CDATA[11:27:18.252 [main] INFO org.springframework.test.context.support.AnnotationConfigContextLoaderUtils -- Could not detect default configuration classes for test class [com.example.mongodbtestprogram.MongoDbTestprogramApplicationTests]: MongoDbTestprogramApplicationTests does not declare any static, non-private, non-final, nested classes annotated with @Configuration.
11:27:18.390 [main] INFO org.springframework.boot.test.context.SpringBootTestContextBootstrapper -- Found @SpringBootConfiguration com.example.mongodbtestprogram.MongoDbTestprogramApplication for test class com.example.mongodbtestprogram.MongoDbTestprogramApplicationTests

  .   ____          _            __ _ _
 /\\ / ___'_ __ _ _(_)_ __  __ _ \ \ \ \
( ( )\___ | '_ | '_| | '_ \/ _` | \ \ \ \
 \\/  ___)| |_)| | | | | || (_| |  ) ) ) )
  '  |____| .__|_| |_|_| |_\__, | / / / /
 =========|_|==============|___/=/_/_/_/
 :: Spring Boot ::                (v3.1.0)

2023-07-20T11:27:18.954+02:00  INFO 10820 --- [           main] c.e.m.MongoDbTestprogramApplicationTests : Starting MongoDbTestprogramApplicationTests using Java 18.0.2.1 with PID 10820 (started by sebas in C:\Users\sebas\Desktop\JAVA 2022\IdeaProject\MongoDB-Testprogram)
2023-07-20T11:27:18.956+02:00  INFO 10820 --- [           main] c.e.m.MongoDbTestprogramApplicationTests : No active profile set, falling back to 1 default profile: "default"
2023-07-20T11:27:19.593+02:00  INFO 10820 --- [           main] .s.d.r.c.RepositoryConfigurationDelegate : Bootstrapping Spring Data MongoDB repositories in DEFAULT mode.
2023-07-20T11:27:19.665+02:00  INFO 10820 --- [           main] .s.d.r.c.RepositoryConfigurationDelegate : Finished Spring Data repository scanning in 63 ms. Found 3 MongoDB repository interfaces.
2023-07-20T11:27:20.587+02:00  INFO 10820 --- [m1n.mongodb.net] org.mongodb.driver.cluster               : Adding discovered server ac-dzzyu38-shard-00-02.puvjm1n.mongodb.net:27017 to client view of cluster
2023-07-20T11:27:20.607+02:00  INFO 10820 --- [           main] org.mongodb.driver.client                : MongoClient with metadata {"driver": {"name": "mongo-java-driver|sync|spring-boot", "version": "4.9.1"}, "os": {"type": "Windows", "name": "Windows 10", "architecture": "amd64", "version": "10.0"}, "platform": "Java/Oracle Corporation/18.0.2.1+1-1"} created with settings MongoClientSettings{readPreference=primary, writeConcern=WriteConcern{w=null, wTimeout=null ms, journal=null}, retryWrites=true, retryReads=true, readConcern=ReadConcern{level=null}, credential=MongoCredential{mechanism=null, userName='sebastiankarner', source='admin', password=<hidden>, mechanismProperties=<hidden>}, streamFactoryFactory=null, commandListeners=[], codecRegistry=ProvidersCodecRegistry{codecProviders=[ValueCodecProvider{}, BsonValueCodecProvider{}, DBRefCodecProvider{}, DBObjectCodecProvider{}, DocumentCodecProvider{}, CollectionCodecProvider{}, IterableCodecProvider{}, MapCodecProvider{}, GeoJsonCodecProvider{}, GridFSFileCodecProvider{}, Jsr310CodecProvider{}, JsonObjectCodecProvider{}, BsonCodecProvider{}, EnumCodecProvider{}, com.mongodb.client.model.mql.ExpressionCodecProvider@456bcb74, com.mongodb.Jep395RecordCodecProvider@a9c5b75]}, loggerSettings=LoggerSettings{maxDocumentLength=1000}, clusterSettings={hosts=[127.0.0.1:27017], srvHost=karnerdb.puvjm1n.mongodb.net, srvServiceName=mongodb, mode=MULTIPLE, requiredClusterType=REPLICA_SET, requiredReplicaSetName='atlas-13qx73-shard-0', serverSelector='null', clusterListeners='[]', serverSelectionTimeout='30000 ms', localThreshold='30000 ms'}, socketSettings=SocketSettings{connectTimeoutMS=10000, readTimeoutMS=0, receiveBufferSize=0, sendBufferSize=0}, heartbeatSocketSettings=SocketSettings{connectTimeoutMS=10000, readTimeoutMS=10000, receiveBufferSize=0, sendBufferSize=0}, connectionPoolSettings=ConnectionPoolSettings{maxSize=100, minSize=0, maxWaitTimeMS=120000, maxConnectionLifeTimeMS=0, maxConnectionIdleTimeMS=0, maintenanceInitialDelayMS=0, maintenanceFrequencyMS=60000, connectionPoolListeners=[], maxConnecting=2}, serverSettings=ServerSettings{heartbeatFrequencyMS=10000, minHeartbeatFrequencyMS=500, serverListeners='[]', serverMonitorListeners='[]'}, sslSettings=SslSettings{enabled=true, invalidHostNameAllowed=false, context=null}, applicationName='null', compressorList=[], uuidRepresentation=JAVA_LEGACY, serverApi=null, autoEncryptionSettings=null, contextProvider=null}
2023-07-20T11:27:20.618+02:00  INFO 10820 --- [m1n.mongodb.net] org.mongodb.driver.cluster               : Adding discovered server ac-dzzyu38-shard-00-00.puvjm1n.mongodb.net:27017 to client view of cluster
2023-07-20T11:27:20.619+02:00  INFO 10820 --- [m1n.mongodb.net] org.mongodb.driver.cluster               : Adding discovered server ac-dzzyu38-shard-00-01.puvjm1n.mongodb.net:27017 to client view of cluster
2023-07-20T11:27:21.222+02:00  INFO 10820 --- [ngodb.net:27017] org.mongodb.driver.cluster               : Monitor thread successfully connected to server with description ServerDescription{address=ac-dzzyu38-shard-00-01.puvjm1n.mongodb.net:27017, type=REPLICA_SET_SECONDARY, state=CONNECTED, ok=true, minWireVersion=0, maxWireVersion=17, maxDocumentSize=16777216, logicalSessionTimeoutMinutes=30, roundTripTimeNanos=289943200, setName='atlas-13qx73-shard-0', canonicalAddress=ac-dzzyu38-shard-00-01.puvjm1n.mongodb.net:27017, hosts=[ac-dzzyu38-shard-00-00.puvjm1n.mongodb.net:27017, ac-dzzyu38-shard-00-01.puvjm1n.mongodb.net:27017, ac-dzzyu38-shard-00-02.puvjm1n.mongodb.net:27017], passives=[], arbiters=[], primary='ac-dzzyu38-shard-00-02.puvjm1n.mongodb.net:27017', tagSet=TagSet{[Tag{name='nodeType', value='ELECTABLE'}, Tag{name='provider', value='AWS'}, Tag{name='region', value='EU_NORTH_1'}, Tag{name='workloadType', value='OPERATIONAL'}]}, electionId=null, setVersion=2, topologyVersion=TopologyVersion{processId=64b8237d515f9f3eb8169527, counter=3}, lastWriteDate=Thu Jul 20 11:27:21 CEST 2023, lastUpdateTimeNanos=329829490050800}
2023-07-20T11:27:21.222+02:00  INFO 10820 --- [ngodb.net:27017] org.mongodb.driver.cluster               : Monitor thread successfully connected to server with description ServerDescription{address=ac-dzzyu38-shard-00-02.puvjm1n.mongodb.net:27017, type=REPLICA_SET_PRIMARY, state=CONNECTED, ok=true, minWireVersion=0, maxWireVersion=17, maxDocumentSize=16777216, logicalSessionTimeoutMinutes=30, roundTripTimeNanos=291058800, setName='atlas-13qx73-shard-0', canonicalAddress=ac-dzzyu38-shard-00-02.puvjm1n.mongodb.net:27017, hosts=[ac-dzzyu38-shard-00-00.puvjm1n.mongodb.net:27017, ac-dzzyu38-shard-00-01.puvjm1n.mongodb.net:27017, ac-dzzyu38-shard-00-02.puvjm1n.mongodb.net:27017], passives=[], arbiters=[], primary='ac-dzzyu38-shard-00-02.puvjm1n.mongodb.net:27017', tagSet=TagSet{[Tag{name='nodeType', value='ELECTABLE'}, Tag{name='provider', value='AWS'}, Tag{name='region', value='EU_NORTH_1'}, Tag{name='workloadType', value='OPERATIONAL'}]}, electionId=7fffffff000000000000003a, setVersion=2, topologyVersion=TopologyVersion{processId=64b8227fca30b701470aa411, counter=6}, lastWriteDate=Thu Jul 20 11:27:21 CEST 2023, lastUpdateTimeNanos=329829491190400}
2023-07-20T11:27:21.222+02:00  INFO 10820 --- [ngodb.net:27017] org.mongodb.driver.cluster               : Monitor thread successfully connected to server with description ServerDescription{address=ac-dzzyu38-shard-00-00.puvjm1n.mongodb.net:27017, type=REPLICA_SET_SECONDARY, state=CONNECTED, ok=true, minWireVersion=0, maxWireVersion=17, maxDocumentSize=16777216, logicalSessionTimeoutMinutes=30, roundTripTimeNanos=288093100, setName='atlas-13qx73-shard-0', canonicalAddress=ac-dzzyu38-shard-00-00.puvjm1n.mongodb.net:27017, hosts=[ac-dzzyu38-shard-00-00.puvjm1n.mongodb.net:27017, ac-dzzyu38-shard-00-01.puvjm1n.mongodb.net:27017, ac-dzzyu38-shard-00-02.puvjm1n.mongodb.net:27017], passives=[], arbiters=[], primary='ac-dzzyu38-shard-00-02.puvjm1n.mongodb.net:27017', tagSet=TagSet{[Tag{name='nodeType', value='ELECTABLE'}, Tag{name='provider', value='AWS'}, Tag{name='region', value='EU_NORTH_1'}, Tag{name='workloadType', value='OPERATIONAL'}]}, electionId=null, setVersion=2, topologyVersion=TopologyVersion{processId=64b82185a15cc0e91cfb3443, counter=4}, lastWriteDate=Thu Jul 20 11:27:21 CEST 2023, lastUpdateTimeNanos=329829488220500}
2023-07-20T11:27:21.229+02:00  INFO 10820 --- [ngodb.net:27017] org.mongodb.driver.cluster               : Discovered replica set primary ac-dzzyu38-shard-00-02.puvjm1n.mongodb.net:27017 with max election id 7fffffff000000000000003a and max set version 2
2023-07-20T11:27:21.937+02:00  INFO 10820 --- [           main] o.s.s.web.DefaultSecurityFilterChain     : Will secure any request with [org.springframework.security.web.session.DisableEncodeUrlFilter@2969a9a6, org.springframework.security.web.context.request.async.WebAsyncManagerIntegrationFilter@25470477, org.springframework.security.web.context.SecurityContextHolderFilter@e972ee1, org.springframework.security.web.header.HeaderWriterFilter@2037f12b, org.springframework.security.web.authentication.logout.LogoutFilter@3335afcf, com.example.mongodbtestprogram.Security.Register.Jwt.JwtAuthenticationFilter@6182ffef, org.springframework.security.web.savedrequest.RequestCacheAwareFilter@6f0a4e30, org.springframework.security.web.servletapi.SecurityContextHolderAwareRequestFilter@26ffd2c0, org.springframework.security.web.authentication.AnonymousAuthenticationFilter@49e479da, org.springframework.security.web.session.SessionManagementFilter@acb5508, org.springframework.security.web.access.ExceptionTranslationFilter@6fc1a8f6, org.springframework.security.web.access.intercept.AuthorizationFilter@171aa66]
2023-07-20T11:27:22.349+02:00  INFO 10820 --- [           main] c.e.m.MongoDbTestprogramApplicationTests : Started MongoDbTestprogramApplicationTests in 3.713 seconds (process running for 4.964)
]]></system-out>
  </testcase>
</testsuite>